{"total": {"lines":{"total":51,"covered":51,"skipped":0,"pct":100},"statements":{"total":53,"covered":53,"skipped":0,"pct":100},"functions":{"total":5,"covered":5,"skipped":0,"pct":100},"branches":{"total":12,"covered":12,"skipped":0,"pct":100},"branchesTrue":{"total":0,"covered":0,"skipped":0,"pct":"Unknown"}}
,"/Users/christian/dev/obsidian-a11y-inspector/src/report.ts": {"lines":{"total":47,"covered":47,"skipped":0,"pct":100},"functions":{"total":4,"covered":4,"skipped":0,"pct":100},"statements":{"total":49,"covered":49,"skipped":0,"pct":100},"branches":{"total":12,"covered":12,"skipped":0,"pct":100}}
,"/Users/christian/dev/obsidian-a11y-inspector/src/rules.ts": {"lines":{"total":4,"covered":4,"skipped":0,"pct":100},"functions":{"total":1,"covered":1,"skipped":0,"pct":100},"statements":{"total":4,"covered":4,"skipped":0,"pct":100},"branches":{"total":0,"covered":0,"skipped":0,"pct":100}}
}
